
Log for '' Clone_1 (V22.1.0.0) Thu Aug  4 13:58:19 2022


Log for 'Max-pulp.lp' Clone_1 (V22.1.0.0) Thu Aug  4 13:58:20 2022

Presolve time = 0.06 sec. (18.19 ticks)

Dual simplex solved model.


Log for 'Max-pulp.lp' Clone_1 (V22.1.0.0) Thu Aug  4 13:59:04 2022

Tried aggregator 1 time.
LP Presolve eliminated 70356 rows and 39856 columns.
All rows and columns eliminated.
Presolve time = 0.11 sec. (37.25 ticks)

Log for 'Max-pulp.lp' Clone_1 (V22.1.0.0) Thu Aug  4 13:59:04 2022

Using steepest-edge.
Parallel mode: deterministic, using up to 6 threads for concurrent optimization:
 * Starting dual Simplex on 1 thread...
 * Starting primal Simplex on 1 thread...

Total time on 6 threads = 0.30 sec. (277.60 ticks)

Dual simplex solved model.


Log for '' Clone_1 (V22.1.0.0) Thu Aug  4 14:01:42 2022


Log for 'Max-pulp.lp' Clone_1 (V22.1.0.0) Thu Aug  4 14:01:43 2022

Presolve time = 0.08 sec. (20.27 ticks)

Dual simplex solved model.


Log for 'Max-pulp.lp' Clone_1 (V22.1.0.0) Thu Aug  4 14:06:34 2022


Log for 'Max-pulp.lp' Clone_1 (V22.1.0.0) Thu Aug  4 14:14:36 2022

Tried aggregator 1 time.
LP Presolve eliminated 70356 rows and 39856 columns.
All rows and columns eliminated.
Presolve time = 0.13 sec. (37.26 ticks)
Parallel mode: deterministic, using up to 6 threads for concurrent optimization:
 * Starting dual Simplex on 1 thread...
 * Starting primal Simplex on 1 thread...

Log for 'Max-pulp.lp' Clone_1 (V22.1.0.0) Thu Aug  4 14:14:36 2022

Using steepest-edge.

Total time on 6 threads = 0.30 sec. (277.66 ticks)

Dual simplex solved model.


Log for 'Max-pulp.lp' Clone_1 (V22.1.0.0) Thu Aug  4 14:19:05 2022


Log for 'Max-pulp.lp' Clone_1 (V22.1.0.0) Thu Aug  4 14:35:35 2022

Tried aggregator 1 time.
LP Presolve eliminated 70356 rows and 39856 columns.
All rows and columns eliminated.
Presolve time = 0.11 sec. (37.26 ticks)

Log for 'Max-pulp.lp' Clone_1 (V22.1.0.0) Thu Aug  4 14:35:35 2022

Using steepest-edge.
Parallel mode: deterministic, using up to 6 threads for concurrent optimization:
 * Starting dual Simplex on 1 thread...
 * Starting primal Simplex on 1 thread...

Total time on 6 threads = 0.31 sec. (277.66 ticks)

Dual simplex solved model.


Log for 'Max-pulp.lp' Clone_1 (V22.1.0.0) Thu Aug  4 14:48:51 2022


Log for 'Max-pulp.lp' Clone_1 (V22.1.0.0) Thu Aug  4 15:06:17 2022

Tried aggregator 1 time.
LP Presolve eliminated 70356 rows and 39856 columns.
All rows and columns eliminated.
Presolve time = 0.09 sec. (37.26 ticks)
Parallel mode: deterministic, using up to 6 threads for concurrent optimization:
 * Starting dual Simplex on 1 thread...
 * Starting primal Simplex on 1 thread...

Log for 'Max-pulp.lp' Clone_1 (V22.1.0.0) Thu Aug  4 15:06:17 2022

Using steepest-edge.

Total time on 6 threads = 0.25 sec. (277.66 ticks)

Dual simplex solved model.


Log for 'Max-pulp.lp' Clone_1 (V22.1.0.0) Thu Aug  4 15:08:16 2022


Log for 'Max-pulp.lp' Clone_1 (V22.1.0.0) Thu Aug  4 15:26:29 2022

Tried aggregator 1 time.
LP Presolve eliminated 70357 rows and 39856 columns.
All rows and columns eliminated.
Presolve time = 0.11 sec. (37.25 ticks)

Log for 'Max-pulp.lp' Clone_1 (V22.1.0.0) Thu Aug  4 15:26:30 2022

Using steepest-edge.
Parallel mode: deterministic, using up to 6 threads for concurrent optimization:
 * Starting dual Simplex on 1 thread...
 * Starting primal Simplex on 1 thread...

Total time on 6 threads = 0.27 sec. (277.65 ticks)

Dual simplex solved model.


Log for 'Max-pulp.lp' Clone_1 (V22.1.0.0) Thu Aug  4 15:31:11 2022


Log for 'Max-pulp.lp' Clone_1 (V22.1.0.0) Thu Aug  4 15:46:49 2022

Tried aggregator 1 time.
LP Presolve eliminated 140714 rows and 39856 columns.
All rows and columns eliminated.
Presolve time = 0.36 sec. (67.46 ticks)
Parallel mode: deterministic, using up to 6 threads for concurrent optimization:
 * Starting dual Simplex on 1 thread...
 * Starting primal Simplex on 1 thread...

Log for 'Max-pulp.lp' Clone_1 (V22.1.0.0) Thu Aug  4 15:46:50 2022

Using steepest-edge.

Total time on 6 threads = 1.08 sec. (350.01 ticks)

Dual simplex solved model.


Log for 'Max-pulp.lp' Clone_1 (V22.1.0.0) Thu Aug  4 15:47:27 2022


Log for 'Max-pulp.lp' Clone_1 (V22.1.0.0) Thu Aug  4 15:48:48 2022

Tried aggregator 1 time.
LP Presolve eliminated 70356 rows and 39856 columns.
All rows and columns eliminated.
Presolve time = 0.08 sec. (37.25 ticks)

Log for 'Max-pulp.lp' Clone_1 (V22.1.0.0) Thu Aug  4 15:48:48 2022

Using steepest-edge.
Parallel mode: deterministic, using up to 6 threads for concurrent optimization:
 * Starting dual Simplex on 1 thread...
 * Starting primal Simplex on 1 thread...

Total time on 6 threads = 0.19 sec. (277.60 ticks)

Dual simplex solved model.


Log for '' Clone_1 (V22.1.0.0) Thu Aug  4 15:49:10 2022


Log for 'Max-pulp.lp' Clone_1 (V22.1.0.0) Thu Aug  4 15:49:16 2022


Log for 'Max-pulp.lp' Clone_1 (V22.1.0.0) Thu Aug  4 15:49:18 2022

Tried aggregator 1 time.
LP Presolve eliminated 70357 rows and 39856 columns.
All rows and columns eliminated.
Presolve time = 0.08 sec. (37.26 ticks)

Log for 'Max-pulp.lp' Clone_1 (V22.1.0.0) Thu Aug  4 15:49:18 2022

Using steepest-edge.
Parallel mode: deterministic, using up to 6 threads for concurrent optimization:
 * Starting dual Simplex on 1 thread...
 * Starting primal Simplex on 1 thread...

Total time on 6 threads = 0.17 sec. (277.62 ticks)

Dual simplex solved model.


Log for 'Max-pulp.lp' Clone_1 (V22.1.0.0) Thu Aug  4 15:53:47 2022


Log for 'Max-pulp.lp' Clone_1 (V22.1.0.0) Thu Aug  4 16:09:39 2022

Tried aggregator 1 time.
LP Presolve eliminated 140714 rows and 39856 columns.
All rows and columns eliminated.
Presolve time = 0.16 sec. (67.45 ticks)

Log for 'Max-pulp.lp' Clone_1 (V22.1.0.0) Thu Aug  4 16:09:39 2022

Using steepest-edge.
Parallel mode: deterministic, using up to 6 threads for concurrent optimization:
 * Starting dual Simplex on 1 thread...
 * Starting primal Simplex on 1 thread...

Total time on 6 threads = 0.39 sec. (349.92 ticks)

Dual simplex solved model.


Log for 'Max-pulp.lp' Clone_1 (V22.1.0.0) Thu Aug  4 16:09:55 2022

Tried aggregator 1 time.
LP Presolve eliminated 70356 rows and 39856 columns.
All rows and columns eliminated.
Presolve time = 0.09 sec. (37.26 ticks)
Parallel mode: deterministic, using up to 6 threads for concurrent optimization:
 * Starting dual Simplex on 1 thread...
 * Starting primal Simplex on 1 thread...

Log for 'Max-pulp.lp' Clone_1 (V22.1.0.0) Thu Aug  4 16:09:55 2022

Using steepest-edge.

Total time on 6 threads = 0.25 sec. (277.60 ticks)

Dual simplex solved model.


Log for 'Max-pulp.lp' Clone_1 (V22.1.0.0) Thu Aug  4 16:10:08 2022

Tried aggregator 1 time.
LP Presolve eliminated 70357 rows and 39856 columns.
All rows and columns eliminated.
Presolve time = 0.09 sec. (37.54 ticks)

Log for 'Max-pulp.lp' Clone_1 (V22.1.0.0) Thu Aug  4 16:10:08 2022

Using steepest-edge.
Parallel mode: deterministic, using up to 6 threads for concurrent optimization:
 * Starting dual Simplex on 1 thread...
 * Starting primal Simplex on 1 thread...

Total time on 6 threads = 0.22 sec. (278.06 ticks)

Dual simplex solved model.


Log for 'Max-pulp.lp' Clone_1 (V22.1.0.0) Thu Aug  4 16:10:26 2022

Tried aggregator 1 time.
LP Presolve eliminated 140714 rows and 39856 columns.
All rows and columns eliminated.
Presolve time = 0.16 sec. (67.73 ticks)

Log for 'Max-pulp.lp' Clone_1 (V22.1.0.0) Thu Aug  4 16:10:26 2022

Using steepest-edge.
Parallel mode: deterministic, using up to 6 threads for concurrent optimization:
 * Starting dual Simplex on 1 thread...
 * Starting primal Simplex on 1 thread...

Total time on 6 threads = 0.34 sec. (349.53 ticks)

Dual simplex solved model.


Log for 'Weight-pulp.lp' Clone_1 (V22.1.0.0) Thu Aug  4 16:16:39 2022

Tried aggregator 1 time.
LP Presolve eliminated 70356 rows and 39857 columns.
All rows and columns eliminated.
Presolve time = 0.11 sec. (37.26 ticks)
Parallel mode: deterministic, using up to 6 threads for concurrent optimization:
 * Starting dual Simplex on 1 thread...
 * Starting primal Simplex on 1 thread...

Log for 'Weight-pulp.lp' Clone_1 (V22.1.0.0) Thu Aug  4 16:16:40 2022

Using steepest-edge.

Total time on 6 threads = 0.28 sec. (277.61 ticks)

Dual simplex solved model.


Log for 'Weight-pulp.lp' Clone_1 (V22.1.0.0) Thu Aug  4 16:18:01 2022

Tried aggregator 1 time.
LP Presolve eliminated 70356 rows and 39857 columns.
All rows and columns eliminated.
Presolve time = 0.11 sec. (37.26 ticks)
Parallel mode: deterministic, using up to 6 threads for concurrent optimization:
 * Starting dual Simplex on 1 thread...
 * Starting primal Simplex on 1 thread...

Log for 'Weight-pulp.lp' Clone_1 (V22.1.0.0) Thu Aug  4 16:18:01 2022

Using steepest-edge.

Total time on 6 threads = 0.26 sec. (277.61 ticks)

Dual simplex solved model.


Log for 'Weight-pulp.lp' Clone_1 (V22.1.0.0) Thu Aug  4 16:18:29 2022

Tried aggregator 1 time.
LP Presolve eliminated 70356 rows and 39857 columns.
All rows and columns eliminated.
Presolve time = 0.08 sec. (37.26 ticks)

Log for 'Weight-pulp.lp' Clone_1 (V22.1.0.0) Thu Aug  4 16:18:29 2022

Using steepest-edge.
Parallel mode: deterministic, using up to 6 threads for concurrent optimization:
 * Starting dual Simplex on 1 thread...
 * Starting primal Simplex on 1 thread...

Total time on 6 threads = 0.23 sec. (277.61 ticks)

Dual simplex solved model.


Log for 'Weight-pulp.lp' Clone_1 (V22.1.0.0) Thu Aug  4 16:19:49 2022

Tried aggregator 1 time.
LP Presolve eliminated 70356 rows and 39857 columns.
All rows and columns eliminated.
Presolve time = 0.11 sec. (37.26 ticks)
Parallel mode: deterministic, using up to 6 threads for concurrent optimization:
 * Starting dual Simplex on 1 thread...
 * Starting primal Simplex on 1 thread...

Log for 'Weight-pulp.lp' Clone_1 (V22.1.0.0) Thu Aug  4 16:19:49 2022

Using steepest-edge.

Total time on 6 threads = 0.25 sec. (277.61 ticks)

Dual simplex solved model.


Log for 'Weight-pulp.lp' Clone_1 (V22.1.0.0) Thu Aug  4 16:20:22 2022

Tried aggregator 1 time.
LP Presolve eliminated 70356 rows and 39857 columns.
All rows and columns eliminated.
Presolve time = 0.08 sec. (37.26 ticks)

Log for 'Weight-pulp.lp' Clone_1 (V22.1.0.0) Thu Aug  4 16:20:22 2022

Using steepest-edge.
Parallel mode: deterministic, using up to 6 threads for concurrent optimization:
 * Starting dual Simplex on 1 thread...
 * Starting primal Simplex on 1 thread...

Total time on 6 threads = 0.23 sec. (277.61 ticks)

Dual simplex solved model.


Log for 'Weight-pulp.lp' Clone_1 (V22.1.0.0) Thu Aug  4 16:25:56 2022

Tried aggregator 1 time.
LP Presolve eliminated 70356 rows and 39857 columns.
All rows and columns eliminated.
Presolve time = 0.08 sec. (37.26 ticks)

Log for 'Weight-pulp.lp' Clone_1 (V22.1.0.0) Thu Aug  4 16:25:57 2022

Using steepest-edge.
Parallel mode: deterministic, using up to 6 threads for concurrent optimization:
 * Starting dual Simplex on 1 thread...
 * Starting primal Simplex on 1 thread...

Total time on 6 threads = 0.22 sec. (277.61 ticks)

Dual simplex solved model.


Log for 'Weight-pulp.lp' Clone_1 (V22.1.0.0) Thu Aug  4 16:26:10 2022

Tried aggregator 1 time.
LP Presolve eliminated 70356 rows and 39857 columns.
All rows and columns eliminated.
Presolve time = 0.08 sec. (37.26 ticks)
Parallel mode: deterministic, using up to 6 threads for concurrent optimization:
 * Starting dual Simplex on 1 thread...
 * Starting primal Simplex on 1 thread...

Log for 'Weight-pulp.lp' Clone_1 (V22.1.0.0) Thu Aug  4 16:26:11 2022

Using steepest-edge.

Total time on 6 threads = 0.22 sec. (277.61 ticks)

Dual simplex solved model.


Log for 'Weight-pulp.lp' Clone_1 (V22.1.0.0) Thu Aug  4 16:26:25 2022

Tried aggregator 1 time.
LP Presolve eliminated 70356 rows and 39857 columns.
All rows and columns eliminated.
Presolve time = 0.09 sec. (37.26 ticks)

Log for 'Weight-pulp.lp' Clone_1 (V22.1.0.0) Thu Aug  4 16:26:25 2022

Using steepest-edge.
Parallel mode: deterministic, using up to 6 threads for concurrent optimization:
 * Starting dual Simplex on 1 thread...
 * Starting primal Simplex on 1 thread...

Total time on 6 threads = 0.22 sec. (277.61 ticks)

Dual simplex solved model.


Log for 'Weight-pulp.lp' Clone_1 (V22.1.0.0) Thu Aug  4 16:26:40 2022

Tried aggregator 1 time.
LP Presolve eliminated 70356 rows and 39857 columns.
All rows and columns eliminated.
Presolve time = 0.08 sec. (37.26 ticks)

Log for 'Weight-pulp.lp' Clone_1 (V22.1.0.0) Thu Aug  4 16:26:40 2022

Using steepest-edge.
Parallel mode: deterministic, using up to 6 threads for concurrent optimization:
 * Starting dual Simplex on 1 thread...
 * Starting primal Simplex on 1 thread...

Total time on 6 threads = 0.22 sec. (277.61 ticks)

Dual simplex solved model.


Log for 'Weight-pulp.lp' Clone_1 (V22.1.0.0) Thu Aug  4 16:26:55 2022

Tried aggregator 1 time.
LP Presolve eliminated 70356 rows and 39857 columns.
All rows and columns eliminated.
Presolve time = 0.08 sec. (37.26 ticks)
Parallel mode: deterministic, using up to 6 threads for concurrent optimization:
 * Starting dual Simplex on 1 thread...
 * Starting primal Simplex on 1 thread...

Log for 'Weight-pulp.lp' Clone_1 (V22.1.0.0) Thu Aug  4 16:26:55 2022

Using steepest-edge.

Total time on 6 threads = 0.22 sec. (277.61 ticks)

Dual simplex solved model.


Log for 'Weight-pulp.lp' Clone_1 (V22.1.0.0) Thu Aug  4 16:27:09 2022

Tried aggregator 1 time.
LP Presolve eliminated 70356 rows and 39857 columns.
All rows and columns eliminated.
Presolve time = 0.08 sec. (37.26 ticks)
Parallel mode: deterministic, using up to 6 threads for concurrent optimization:
 * Starting dual Simplex on 1 thread...
 * Starting primal Simplex on 1 thread...

Log for 'Weight-pulp.lp' Clone_1 (V22.1.0.0) Thu Aug  4 16:27:09 2022

Using steepest-edge.

Total time on 6 threads = 0.23 sec. (277.61 ticks)

Dual simplex solved model.


Log for 'Weight-pulp.lp' Clone_1 (V22.1.0.0) Thu Aug  4 16:27:24 2022

Tried aggregator 1 time.
LP Presolve eliminated 70356 rows and 39857 columns.
All rows and columns eliminated.
Presolve time = 0.08 sec. (37.26 ticks)
Parallel mode: deterministic, using up to 6 threads for concurrent optimization:
 * Starting dual Simplex on 1 thread...
 * Starting primal Simplex on 1 thread...

Log for 'Weight-pulp.lp' Clone_1 (V22.1.0.0) Thu Aug  4 16:27:24 2022

Using steepest-edge.

Total time on 6 threads = 0.23 sec. (277.61 ticks)

Dual simplex solved model.


Log for 'Weight-pulp.lp' Clone_1 (V22.1.0.0) Thu Aug  4 16:27:39 2022

Tried aggregator 1 time.
LP Presolve eliminated 70356 rows and 39857 columns.
All rows and columns eliminated.
Presolve time = 0.11 sec. (37.26 ticks)

Log for 'Weight-pulp.lp' Clone_1 (V22.1.0.0) Thu Aug  4 16:27:39 2022

Using steepest-edge.
Parallel mode: deterministic, using up to 6 threads for concurrent optimization:
 * Starting dual Simplex on 1 thread...
 * Starting primal Simplex on 1 thread...

Total time on 6 threads = 0.28 sec. (277.61 ticks)

Dual simplex solved model.


Log for 'Weight-pulp.lp' Clone_1 (V22.1.0.0) Thu Aug  4 16:27:54 2022

Tried aggregator 1 time.
LP Presolve eliminated 70356 rows and 39857 columns.
All rows and columns eliminated.
Presolve time = 0.09 sec. (37.26 ticks)

Log for 'Weight-pulp.lp' Clone_1 (V22.1.0.0) Thu Aug  4 16:27:54 2022

Using steepest-edge.
Parallel mode: deterministic, using up to 6 threads for concurrent optimization:
 * Starting dual Simplex on 1 thread...
 * Starting primal Simplex on 1 thread...

Total time on 6 threads = 0.23 sec. (277.61 ticks)

Dual simplex solved model.


Log for 'Weight-pulp.lp' Clone_1 (V22.1.0.0) Thu Aug  4 16:28:09 2022

Tried aggregator 1 time.
LP Presolve eliminated 70356 rows and 39857 columns.
All rows and columns eliminated.
Presolve time = 0.11 sec. (37.26 ticks)
Parallel mode: deterministic, using up to 6 threads for concurrent optimization:
 * Starting dual Simplex on 1 thread...
 * Starting primal Simplex on 1 thread...

Log for 'Weight-pulp.lp' Clone_1 (V22.1.0.0) Thu Aug  4 16:28:09 2022

Using steepest-edge.

Total time on 6 threads = 0.27 sec. (277.61 ticks)

Dual simplex solved model.


Log for 'Weight-pulp.lp' Clone_1 (V22.1.0.0) Thu Aug  4 16:28:23 2022

Tried aggregator 1 time.
LP Presolve eliminated 70356 rows and 39857 columns.
All rows and columns eliminated.
Presolve time = 0.09 sec. (37.26 ticks)

Log for 'Weight-pulp.lp' Clone_1 (V22.1.0.0) Thu Aug  4 16:28:24 2022

Using steepest-edge.
Parallel mode: deterministic, using up to 6 threads for concurrent optimization:
 * Starting dual Simplex on 1 thread...
 * Starting primal Simplex on 1 thread...

Total time on 6 threads = 0.25 sec. (277.61 ticks)

Dual simplex solved model.


Log for 'Weight-pulp.lp' Clone_1 (V22.1.0.0) Thu Aug  4 16:28:39 2022

Tried aggregator 1 time.
LP Presolve eliminated 70356 rows and 39857 columns.
All rows and columns eliminated.
Presolve time = 0.08 sec. (37.26 ticks)
Parallel mode: deterministic, using up to 6 threads for concurrent optimization:
 * Starting dual Simplex on 1 thread...
 * Starting primal Simplex on 1 thread...

Log for 'Weight-pulp.lp' Clone_1 (V22.1.0.0) Thu Aug  4 16:28:39 2022

Using steepest-edge.

Total time on 6 threads = 0.25 sec. (277.61 ticks)

Dual simplex solved model.


Log for 'Weight-pulp.lp' Clone_1 (V22.1.0.0) Thu Aug  4 16:29:02 2022


Log for 'Weight-pulp.lp' Clone_1 (V22.1.0.0) Thu Aug  4 16:30:30 2022

Tried aggregator 1 time.
LP Presolve eliminated 70356 rows and 39856 columns.
All rows and columns eliminated.
Presolve time = 0.08 sec. (37.25 ticks)
Parallel mode: deterministic, using up to 6 threads for concurrent optimization:
 * Starting dual Simplex on 1 thread...
 * Starting primal Simplex on 1 thread...

Log for 'Weight-pulp.lp' Clone_1 (V22.1.0.0) Thu Aug  4 16:30:30 2022

Using steepest-edge.

Total time on 6 threads = 0.19 sec. (277.60 ticks)

Dual simplex solved model.


Log for 'Weight-pulp.lp' Clone_1 (V22.1.0.0) Thu Aug  4 16:30:45 2022

Tried aggregator 1 time.
LP Presolve eliminated 70356 rows and 39856 columns.
All rows and columns eliminated.
Presolve time = 0.11 sec. (37.25 ticks)
Parallel mode: deterministic, using up to 6 threads for concurrent optimization:
 * Starting dual Simplex on 1 thread...
 * Starting primal Simplex on 1 thread...

Log for 'Weight-pulp.lp' Clone_1 (V22.1.0.0) Thu Aug  4 16:30:46 2022

Using steepest-edge.

Total time on 6 threads = 0.27 sec. (277.60 ticks)

Dual simplex solved model.


Log for 'Weight-pulp.lp' Clone_1 (V22.1.0.0) Thu Aug  4 16:31:02 2022

Tried aggregator 1 time.
LP Presolve eliminated 70356 rows and 39856 columns.
All rows and columns eliminated.
Presolve time = 0.09 sec. (37.25 ticks)
Parallel mode: deterministic, using up to 6 threads for concurrent optimization:
 * Starting dual Simplex on 1 thread...
 * Starting primal Simplex on 1 thread...

Log for 'Weight-pulp.lp' Clone_1 (V22.1.0.0) Thu Aug  4 16:31:02 2022

Using steepest-edge.

Total time on 6 threads = 0.25 sec. (277.60 ticks)

Dual simplex solved model.


Log for 'Weight-pulp.lp' Clone_1 (V22.1.0.0) Thu Aug  4 16:31:17 2022

Tried aggregator 1 time.
LP Presolve eliminated 70356 rows and 39856 columns.
All rows and columns eliminated.
Presolve time = 0.09 sec. (37.25 ticks)

Log for 'Weight-pulp.lp' Clone_1 (V22.1.0.0) Thu Aug  4 16:31:17 2022

Using steepest-edge.
Parallel mode: deterministic, using up to 6 threads for concurrent optimization:
 * Starting dual Simplex on 1 thread...
 * Starting primal Simplex on 1 thread...

Total time on 6 threads = 0.22 sec. (277.60 ticks)

Dual simplex solved model.


Log for 'Weight-pulp.lp' Clone_1 (V22.1.0.0) Thu Aug  4 16:31:34 2022

Tried aggregator 1 time.
LP Presolve eliminated 70356 rows and 39856 columns.
All rows and columns eliminated.
Presolve time = 0.08 sec. (37.25 ticks)
Parallel mode: deterministic, using up to 6 threads for concurrent optimization:
 * Starting dual Simplex on 1 thread...
 * Starting primal Simplex on 1 thread...

Log for 'Weight-pulp.lp' Clone_1 (V22.1.0.0) Thu Aug  4 16:31:34 2022

Using steepest-edge.

Total time on 6 threads = 0.23 sec. (277.60 ticks)

Dual simplex solved model.


Log for 'Weight-pulp.lp' Clone_1 (V22.1.0.0) Thu Aug  4 16:31:50 2022

Tried aggregator 1 time.
LP Presolve eliminated 70356 rows and 39856 columns.
All rows and columns eliminated.
Presolve time = 0.08 sec. (37.25 ticks)
Parallel mode: deterministic, using up to 6 threads for concurrent optimization:
 * Starting dual Simplex on 1 thread...
 * Starting primal Simplex on 1 thread...

Log for 'Weight-pulp.lp' Clone_1 (V22.1.0.0) Thu Aug  4 16:31:50 2022

Using steepest-edge.

Total time on 6 threads = 0.25 sec. (277.60 ticks)

Dual simplex solved model.


Log for 'Weight-pulp.lp' Clone_1 (V22.1.0.0) Thu Aug  4 16:32:06 2022

Tried aggregator 1 time.
LP Presolve eliminated 70356 rows and 39856 columns.
All rows and columns eliminated.
Presolve time = 0.09 sec. (37.25 ticks)

Log for 'Weight-pulp.lp' Clone_1 (V22.1.0.0) Thu Aug  4 16:32:06 2022

Using steepest-edge.
Parallel mode: deterministic, using up to 6 threads for concurrent optimization:
 * Starting dual Simplex on 1 thread...
 * Starting primal Simplex on 1 thread...

Total time on 6 threads = 0.23 sec. (277.60 ticks)

Dual simplex solved model.


Log for 'Weight-pulp.lp' Clone_1 (V22.1.0.0) Thu Aug  4 16:32:22 2022

Tried aggregator 1 time.
LP Presolve eliminated 70356 rows and 39856 columns.
All rows and columns eliminated.
Presolve time = 0.08 sec. (37.25 ticks)

Log for 'Weight-pulp.lp' Clone_1 (V22.1.0.0) Thu Aug  4 16:32:22 2022

Using steepest-edge.
Parallel mode: deterministic, using up to 6 threads for concurrent optimization:
 * Starting dual Simplex on 1 thread...
 * Starting primal Simplex on 1 thread...

Total time on 6 threads = 0.22 sec. (277.60 ticks)

Dual simplex solved model.


Log for 'Weight-pulp.lp' Clone_1 (V22.1.0.0) Thu Aug  4 16:32:38 2022

Tried aggregator 1 time.
LP Presolve eliminated 70356 rows and 39856 columns.
All rows and columns eliminated.
Presolve time = 0.08 sec. (37.25 ticks)
Parallel mode: deterministic, using up to 6 threads for concurrent optimization:
 * Starting dual Simplex on 1 thread...
 * Starting primal Simplex on 1 thread...

Log for 'Weight-pulp.lp' Clone_1 (V22.1.0.0) Thu Aug  4 16:32:38 2022

Using steepest-edge.

Total time on 6 threads = 0.23 sec. (277.60 ticks)

Dual simplex solved model.


Log for 'Weight-pulp.lp' Clone_1 (V22.1.0.0) Thu Aug  4 16:32:53 2022

Tried aggregator 1 time.
LP Presolve eliminated 70356 rows and 39856 columns.
All rows and columns eliminated.
Presolve time = 0.09 sec. (37.25 ticks)
Parallel mode: deterministic, using up to 6 threads for concurrent optimization:
 * Starting dual Simplex on 1 thread...
 * Starting primal Simplex on 1 thread...

Log for 'Weight-pulp.lp' Clone_1 (V22.1.0.0) Thu Aug  4 16:32:54 2022

Using steepest-edge.

Total time on 6 threads = 0.24 sec. (277.60 ticks)

Dual simplex solved model.


Log for 'Weight-pulp.lp' Clone_1 (V22.1.0.0) Thu Aug  4 16:33:10 2022

Tried aggregator 1 time.
LP Presolve eliminated 70356 rows and 39856 columns.
All rows and columns eliminated.
Presolve time = 0.08 sec. (37.25 ticks)

Log for 'Weight-pulp.lp' Clone_1 (V22.1.0.0) Thu Aug  4 16:33:10 2022

Using steepest-edge.
Parallel mode: deterministic, using up to 6 threads for concurrent optimization:
 * Starting dual Simplex on 1 thread...
 * Starting primal Simplex on 1 thread...

Total time on 6 threads = 0.22 sec. (277.60 ticks)

Dual simplex solved model.


Log for 'Weight-pulp.lp' Clone_1 (V22.1.0.0) Thu Aug  4 16:33:25 2022

Tried aggregator 1 time.
LP Presolve eliminated 70356 rows and 39856 columns.
All rows and columns eliminated.
Presolve time = 0.08 sec. (37.25 ticks)
Parallel mode: deterministic, using up to 6 threads for concurrent optimization:
 * Starting dual Simplex on 1 thread...
 * Starting primal Simplex on 1 thread...

Log for 'Weight-pulp.lp' Clone_1 (V22.1.0.0) Thu Aug  4 16:33:26 2022

Using steepest-edge.

Total time on 6 threads = 0.23 sec. (277.60 ticks)

Dual simplex solved model.


Log for 'Weight-pulp.lp' Clone_1 (V22.1.0.0) Thu Aug  4 16:33:41 2022

Tried aggregator 1 time.
LP Presolve eliminated 70356 rows and 39856 columns.
All rows and columns eliminated.
Presolve time = 0.09 sec. (37.25 ticks)

Log for 'Weight-pulp.lp' Clone_1 (V22.1.0.0) Thu Aug  4 16:33:41 2022

Using steepest-edge.
Parallel mode: deterministic, using up to 6 threads for concurrent optimization:
 * Starting dual Simplex on 1 thread...
 * Starting primal Simplex on 1 thread...

Total time on 6 threads = 0.24 sec. (277.60 ticks)

Dual simplex solved model.


Log for 'Weight-pulp.lp' Clone_1 (V22.1.0.0) Thu Aug  4 16:34:02 2022

Tried aggregator 1 time.
LP Presolve eliminated 70356 rows and 39856 columns.
All rows and columns eliminated.
Presolve time = 0.16 sec. (37.25 ticks)
Parallel mode: deterministic, using up to 6 threads for concurrent optimization:
 * Starting dual Simplex on 1 thread...
 * Starting primal Simplex on 1 thread...

Log for 'Weight-pulp.lp' Clone_1 (V22.1.0.0) Thu Aug  4 16:34:02 2022

Using steepest-edge.

Total time on 6 threads = 0.42 sec. (277.60 ticks)

Dual simplex solved model.


Log for 'Weight-pulp.lp' Clone_1 (V22.1.0.0) Thu Aug  4 16:34:26 2022

Tried aggregator 1 time.
LP Presolve eliminated 70356 rows and 39856 columns.
All rows and columns eliminated.
Presolve time = 0.11 sec. (37.25 ticks)

Log for 'Weight-pulp.lp' Clone_1 (V22.1.0.0) Thu Aug  4 16:34:26 2022

Using steepest-edge.
Parallel mode: deterministic, using up to 6 threads for concurrent optimization:
 * Starting dual Simplex on 1 thread...
 * Starting primal Simplex on 1 thread...

Total time on 6 threads = 0.31 sec. (277.60 ticks)

Dual simplex solved model.


Log for 'Weight-pulp.lp' Clone_1 (V22.1.0.0) Thu Aug  4 16:34:47 2022

Tried aggregator 1 time.
LP Presolve eliminated 70356 rows and 39856 columns.
All rows and columns eliminated.
Presolve time = 0.13 sec. (37.25 ticks)

Log for 'Weight-pulp.lp' Clone_1 (V22.1.0.0) Thu Aug  4 16:34:47 2022

Using steepest-edge.
Parallel mode: deterministic, using up to 6 threads for concurrent optimization:
 * Starting dual Simplex on 1 thread...
 * Starting primal Simplex on 1 thread...

Total time on 6 threads = 0.33 sec. (277.60 ticks)

Dual simplex solved model.


Log for 'Weight-pulp.lp' Clone_1 (V22.1.0.0) Thu Aug  4 16:35:10 2022

Tried aggregator 1 time.
LP Presolve eliminated 70356 rows and 39856 columns.
All rows and columns eliminated.
Presolve time = 0.11 sec. (37.25 ticks)

Log for 'Weight-pulp.lp' Clone_1 (V22.1.0.0) Thu Aug  4 16:35:11 2022

Using steepest-edge.
Parallel mode: deterministic, using up to 6 threads for concurrent optimization:
 * Starting dual Simplex on 1 thread...
 * Starting primal Simplex on 1 thread...

Total time on 6 threads = 0.31 sec. (277.60 ticks)

Dual simplex solved model.


Log for 'Weight-pulp.lp' Clone_1 (V22.1.0.0) Thu Aug  4 16:35:33 2022

Tried aggregator 1 time.
LP Presolve eliminated 70356 rows and 39856 columns.
All rows and columns eliminated.
Presolve time = 0.13 sec. (37.25 ticks)
Parallel mode: deterministic, using up to 6 threads for concurrent optimization:
 * Starting dual Simplex on 1 thread...
 * Starting primal Simplex on 1 thread...

Log for 'Weight-pulp.lp' Clone_1 (V22.1.0.0) Thu Aug  4 16:35:33 2022

Using steepest-edge.

Total time on 6 threads = 0.31 sec. (277.60 ticks)

Dual simplex solved model.


Log for 'Weight-pulp.lp' Clone_1 (V22.1.0.0) Thu Aug  4 16:35:55 2022

Tried aggregator 1 time.
LP Presolve eliminated 70356 rows and 39856 columns.
All rows and columns eliminated.
Presolve time = 0.14 sec. (37.25 ticks)
Parallel mode: deterministic, using up to 6 threads for concurrent optimization:
 * Starting dual Simplex on 1 thread...
 * Starting primal Simplex on 1 thread...

Log for 'Weight-pulp.lp' Clone_1 (V22.1.0.0) Thu Aug  4 16:35:56 2022

Using steepest-edge.

Total time on 6 threads = 0.34 sec. (277.60 ticks)

Dual simplex solved model.


Log for 'Weight-pulp.lp' Clone_1 (V22.1.0.0) Thu Aug  4 16:36:18 2022

Tried aggregator 1 time.
LP Presolve eliminated 70356 rows and 39856 columns.
All rows and columns eliminated.
Presolve time = 0.09 sec. (37.25 ticks)

Log for 'Weight-pulp.lp' Clone_1 (V22.1.0.0) Thu Aug  4 16:36:18 2022

Using steepest-edge.
Parallel mode: deterministic, using up to 6 threads for concurrent optimization:
 * Starting dual Simplex on 1 thread...
 * Starting primal Simplex on 1 thread...

Total time on 6 threads = 0.31 sec. (277.60 ticks)

Dual simplex solved model.


Log for 'Weight-pulp.lp' Clone_1 (V22.1.0.0) Thu Aug  4 16:36:40 2022

Tried aggregator 1 time.
LP Presolve eliminated 70356 rows and 39856 columns.
All rows and columns eliminated.
Presolve time = 0.13 sec. (37.25 ticks)
Parallel mode: deterministic, using up to 6 threads for concurrent optimization:
 * Starting dual Simplex on 1 thread...
 * Starting primal Simplex on 1 thread...

Log for 'Weight-pulp.lp' Clone_1 (V22.1.0.0) Thu Aug  4 16:36:40 2022

Using steepest-edge.

Total time on 6 threads = 0.36 sec. (277.60 ticks)

Dual simplex solved model.


Log for 'Weight-pulp.lp' Clone_1 (V22.1.0.0) Thu Aug  4 16:37:03 2022

Tried aggregator 1 time.
LP Presolve eliminated 70356 rows and 39856 columns.
All rows and columns eliminated.
Presolve time = 0.13 sec. (37.25 ticks)

Log for 'Weight-pulp.lp' Clone_1 (V22.1.0.0) Thu Aug  4 16:37:04 2022

Using steepest-edge.
Parallel mode: deterministic, using up to 6 threads for concurrent optimization:
 * Starting dual Simplex on 1 thread...
 * Starting primal Simplex on 1 thread...

Total time on 6 threads = 0.30 sec. (277.60 ticks)

Dual simplex solved model.


Log for 'Weight-pulp.lp' Clone_1 (V22.1.0.0) Thu Aug  4 16:37:25 2022

Tried aggregator 1 time.
LP Presolve eliminated 70356 rows and 39856 columns.
All rows and columns eliminated.
Presolve time = 0.09 sec. (37.25 ticks)
Parallel mode: deterministic, using up to 6 threads for concurrent optimization:
 * Starting dual Simplex on 1 thread...
 * Starting primal Simplex on 1 thread...

Log for 'Weight-pulp.lp' Clone_1 (V22.1.0.0) Thu Aug  4 16:37:25 2022

Using steepest-edge.

Total time on 6 threads = 0.30 sec. (277.60 ticks)

Dual simplex solved model.


Log for 'Weight-pulp.lp' Clone_1 (V22.1.0.0) Thu Aug  4 16:37:46 2022

Tried aggregator 1 time.
LP Presolve eliminated 70356 rows and 39856 columns.
All rows and columns eliminated.
Presolve time = 0.14 sec. (37.25 ticks)

Log for 'Weight-pulp.lp' Clone_1 (V22.1.0.0) Thu Aug  4 16:37:47 2022

Using steepest-edge.
Parallel mode: deterministic, using up to 6 threads for concurrent optimization:
 * Starting dual Simplex on 1 thread...
 * Starting primal Simplex on 1 thread...

Total time on 6 threads = 0.41 sec. (277.60 ticks)

Dual simplex solved model.


Log for 'Weight-pulp.lp' Clone_1 (V22.1.0.0) Thu Aug  4 16:38:09 2022

Tried aggregator 1 time.
LP Presolve eliminated 70356 rows and 39856 columns.
All rows and columns eliminated.
Presolve time = 0.13 sec. (37.25 ticks)

Log for 'Weight-pulp.lp' Clone_1 (V22.1.0.0) Thu Aug  4 16:38:09 2022

Using steepest-edge.
Parallel mode: deterministic, using up to 6 threads for concurrent optimization:
 * Starting dual Simplex on 1 thread...
 * Starting primal Simplex on 1 thread...

Total time on 6 threads = 0.36 sec. (277.60 ticks)

Dual simplex solved model.


Log for 'Weight-pulp.lp' Clone_1 (V22.1.0.0) Thu Aug  4 16:38:31 2022

Tried aggregator 1 time.
LP Presolve eliminated 70356 rows and 39856 columns.
All rows and columns eliminated.
Presolve time = 0.13 sec. (37.25 ticks)
Parallel mode: deterministic, using up to 6 threads for concurrent optimization:
 * Starting dual Simplex on 1 thread...
 * Starting primal Simplex on 1 thread...

Log for 'Weight-pulp.lp' Clone_1 (V22.1.0.0) Thu Aug  4 16:38:31 2022

Using steepest-edge.

Total time on 6 threads = 0.33 sec. (277.60 ticks)

Dual simplex solved model.


Log for 'Weight-pulp.lp' Clone_1 (V22.1.0.0) Thu Aug  4 16:38:54 2022

Tried aggregator 1 time.
LP Presolve eliminated 70356 rows and 39856 columns.
All rows and columns eliminated.
Presolve time = 0.13 sec. (37.25 ticks)
Parallel mode: deterministic, using up to 6 threads for concurrent optimization:
 * Starting dual Simplex on 1 thread...
 * Starting primal Simplex on 1 thread...

Log for 'Weight-pulp.lp' Clone_1 (V22.1.0.0) Thu Aug  4 16:38:54 2022

Using steepest-edge.

Total time on 6 threads = 0.36 sec. (277.60 ticks)

Dual simplex solved model.


Log for 'Weight-pulp.lp' Clone_1 (V22.1.0.0) Thu Aug  4 16:39:17 2022

Tried aggregator 1 time.
LP Presolve eliminated 70356 rows and 39856 columns.
All rows and columns eliminated.
Presolve time = 0.13 sec. (37.25 ticks)
Parallel mode: deterministic, using up to 6 threads for concurrent optimization:
 * Starting dual Simplex on 1 thread...
 * Starting primal Simplex on 1 thread...

Log for 'Weight-pulp.lp' Clone_1 (V22.1.0.0) Thu Aug  4 16:39:17 2022

Using steepest-edge.

Total time on 6 threads = 0.33 sec. (277.60 ticks)

Dual simplex solved model.


Log for 'Weight-pulp.lp' Clone_1 (V22.1.0.0) Thu Aug  4 16:39:39 2022

Tried aggregator 1 time.
LP Presolve eliminated 70356 rows and 39856 columns.
All rows and columns eliminated.
Presolve time = 0.16 sec. (37.25 ticks)
Parallel mode: deterministic, using up to 6 threads for concurrent optimization:
 * Starting dual Simplex on 1 thread...
 * Starting primal Simplex on 1 thread...

Log for 'Weight-pulp.lp' Clone_1 (V22.1.0.0) Thu Aug  4 16:39:39 2022

Using steepest-edge.

Total time on 6 threads = 0.38 sec. (277.60 ticks)

Dual simplex solved model.


Log for 'Weight-pulp.lp' Clone_1 (V22.1.0.0) Thu Aug  4 16:40:02 2022

Tried aggregator 1 time.
LP Presolve eliminated 70356 rows and 39856 columns.
All rows and columns eliminated.
Presolve time = 0.13 sec. (37.25 ticks)
Parallel mode: deterministic, using up to 6 threads for concurrent optimization:
 * Starting dual Simplex on 1 thread...
 * Starting primal Simplex on 1 thread...

Log for 'Weight-pulp.lp' Clone_1 (V22.1.0.0) Thu Aug  4 16:40:02 2022

Using steepest-edge.

Total time on 6 threads = 0.36 sec. (277.60 ticks)

Dual simplex solved model.


Log for 'Weight-pulp.lp' Clone_1 (V22.1.0.0) Thu Aug  4 16:40:24 2022

Tried aggregator 1 time.
LP Presolve eliminated 70356 rows and 39856 columns.
All rows and columns eliminated.
Presolve time = 0.14 sec. (37.25 ticks)
Parallel mode: deterministic, using up to 6 threads for concurrent optimization:
 * Starting dual Simplex on 1 thread...
 * Starting primal Simplex on 1 thread...

Log for 'Weight-pulp.lp' Clone_1 (V22.1.0.0) Thu Aug  4 16:40:25 2022

Using steepest-edge.

Total time on 6 threads = 0.41 sec. (277.60 ticks)

Dual simplex solved model.


Log for 'Weight-pulp.lp' Clone_1 (V22.1.0.0) Thu Aug  4 16:40:47 2022

Tried aggregator 1 time.
LP Presolve eliminated 70356 rows and 39856 columns.
All rows and columns eliminated.
Presolve time = 0.14 sec. (37.25 ticks)
Parallel mode: deterministic, using up to 6 threads for concurrent optimization:
 * Starting dual Simplex on 1 thread...
 * Starting primal Simplex on 1 thread...

Log for 'Weight-pulp.lp' Clone_1 (V22.1.0.0) Thu Aug  4 16:40:48 2022

Using steepest-edge.

Total time on 6 threads = 0.38 sec. (277.60 ticks)

Dual simplex solved model.


Log for 'Weight-pulp.lp' Clone_1 (V22.1.0.0) Thu Aug  4 16:41:10 2022

Tried aggregator 1 time.
LP Presolve eliminated 70356 rows and 39856 columns.
All rows and columns eliminated.
Presolve time = 0.13 sec. (37.25 ticks)
Parallel mode: deterministic, using up to 6 threads for concurrent optimization:
 * Starting dual Simplex on 1 thread...
 * Starting primal Simplex on 1 thread...

Log for 'Weight-pulp.lp' Clone_1 (V22.1.0.0) Thu Aug  4 16:41:10 2022

Using steepest-edge.

Total time on 6 threads = 0.36 sec. (277.60 ticks)

Dual simplex solved model.


Log for 'Weight-pulp.lp' Clone_1 (V22.1.0.0) Thu Aug  4 16:41:34 2022

Tried aggregator 1 time.
LP Presolve eliminated 70356 rows and 39856 columns.
All rows and columns eliminated.
Presolve time = 0.17 sec. (37.25 ticks)

Log for 'Weight-pulp.lp' Clone_1 (V22.1.0.0) Thu Aug  4 16:41:34 2022

Using steepest-edge.
Parallel mode: deterministic, using up to 6 threads for concurrent optimization:
 * Starting dual Simplex on 1 thread...
 * Starting primal Simplex on 1 thread...

Total time on 6 threads = 0.44 sec. (277.60 ticks)

Dual simplex solved model.


Log for 'Weight-pulp.lp' Clone_1 (V22.1.0.0) Thu Aug  4 16:41:57 2022

Tried aggregator 1 time.
LP Presolve eliminated 70356 rows and 39856 columns.
All rows and columns eliminated.
Presolve time = 0.16 sec. (37.25 ticks)
Parallel mode: deterministic, using up to 6 threads for concurrent optimization:
 * Starting dual Simplex on 1 thread...
 * Starting primal Simplex on 1 thread...

Log for 'Weight-pulp.lp' Clone_1 (V22.1.0.0) Thu Aug  4 16:41:57 2022

Using steepest-edge.

Total time on 6 threads = 0.39 sec. (277.60 ticks)

Dual simplex solved model.


Log for 'Weight-pulp.lp' Clone_1 (V22.1.0.0) Thu Aug  4 16:42:20 2022

Tried aggregator 1 time.
LP Presolve eliminated 70356 rows and 39856 columns.
All rows and columns eliminated.
Presolve time = 0.17 sec. (37.25 ticks)

Log for 'Weight-pulp.lp' Clone_1 (V22.1.0.0) Thu Aug  4 16:42:20 2022

Using steepest-edge.
Parallel mode: deterministic, using up to 6 threads for concurrent optimization:
 * Starting dual Simplex on 1 thread...
 * Starting primal Simplex on 1 thread...

Total time on 6 threads = 0.41 sec. (277.60 ticks)

Dual simplex solved model.


Log for 'Weight-pulp.lp' Clone_1 (V22.1.0.0) Thu Aug  4 16:42:43 2022

Tried aggregator 1 time.
LP Presolve eliminated 70356 rows and 39856 columns.
All rows and columns eliminated.
Presolve time = 0.14 sec. (37.25 ticks)

Log for 'Weight-pulp.lp' Clone_1 (V22.1.0.0) Thu Aug  4 16:42:43 2022

Using steepest-edge.
Parallel mode: deterministic, using up to 6 threads for concurrent optimization:
 * Starting dual Simplex on 1 thread...
 * Starting primal Simplex on 1 thread...

Total time on 6 threads = 0.34 sec. (277.60 ticks)

Dual simplex solved model.


Log for 'Weight-pulp.lp' Clone_1 (V22.1.0.0) Thu Aug  4 16:43:06 2022

Tried aggregator 1 time.
LP Presolve eliminated 70356 rows and 39856 columns.
All rows and columns eliminated.
Presolve time = 0.17 sec. (37.25 ticks)

Log for 'Weight-pulp.lp' Clone_1 (V22.1.0.0) Thu Aug  4 16:43:06 2022

Using steepest-edge.
Parallel mode: deterministic, using up to 6 threads for concurrent optimization:
 * Starting dual Simplex on 1 thread...
 * Starting primal Simplex on 1 thread...

Total time on 6 threads = 0.45 sec. (277.60 ticks)

Dual simplex solved model.


Log for 'Weight-pulp.lp' Clone_1 (V22.1.0.0) Thu Aug  4 16:43:30 2022

Tried aggregator 1 time.
LP Presolve eliminated 70356 rows and 39856 columns.
All rows and columns eliminated.
Presolve time = 0.16 sec. (37.25 ticks)
Parallel mode: deterministic, using up to 6 threads for concurrent optimization:
 * Starting dual Simplex on 1 thread...
 * Starting primal Simplex on 1 thread...

Log for 'Weight-pulp.lp' Clone_1 (V22.1.0.0) Thu Aug  4 16:43:30 2022

Using steepest-edge.

Total time on 6 threads = 0.39 sec. (277.60 ticks)

Dual simplex solved model.


Log for 'Weight-pulp.lp' Clone_1 (V22.1.0.0) Thu Aug  4 16:43:51 2022

Tried aggregator 1 time.
LP Presolve eliminated 70356 rows and 39856 columns.
All rows and columns eliminated.
Presolve time = 0.08 sec. (37.25 ticks)
Parallel mode: deterministic, using up to 6 threads for concurrent optimization:
 * Starting dual Simplex on 1 thread...
 * Starting primal Simplex on 1 thread...

Log for 'Weight-pulp.lp' Clone_1 (V22.1.0.0) Thu Aug  4 16:43:51 2022

Using steepest-edge.

Total time on 6 threads = 0.23 sec. (277.60 ticks)

Dual simplex solved model.


Log for 'Weight-pulp.lp' Clone_1 (V22.1.0.0) Thu Aug  4 16:44:08 2022

Tried aggregator 1 time.
LP Presolve eliminated 70356 rows and 39856 columns.
All rows and columns eliminated.
Presolve time = 0.06 sec. (37.25 ticks)
Parallel mode: deterministic, using up to 6 threads for concurrent optimization:
 * Starting dual Simplex on 1 thread...
 * Starting primal Simplex on 1 thread...

Log for 'Weight-pulp.lp' Clone_1 (V22.1.0.0) Thu Aug  4 16:44:08 2022

Using steepest-edge.

Total time on 6 threads = 0.20 sec. (277.60 ticks)

Dual simplex solved model.


Log for 'Weight-pulp.lp' Clone_1 (V22.1.0.0) Thu Aug  4 16:44:24 2022

Tried aggregator 1 time.
LP Presolve eliminated 70356 rows and 39856 columns.
All rows and columns eliminated.
Presolve time = 0.09 sec. (37.25 ticks)
Parallel mode: deterministic, using up to 6 threads for concurrent optimization:
 * Starting dual Simplex on 1 thread...
 * Starting primal Simplex on 1 thread...

Log for 'Weight-pulp.lp' Clone_1 (V22.1.0.0) Thu Aug  4 16:44:24 2022

Using steepest-edge.

Total time on 6 threads = 0.22 sec. (277.60 ticks)

Dual simplex solved model.


Log for 'Weight-pulp.lp' Clone_1 (V22.1.0.0) Thu Aug  4 16:44:42 2022

Tried aggregator 1 time.
LP Presolve eliminated 70356 rows and 39856 columns.
All rows and columns eliminated.
Presolve time = 0.13 sec. (37.25 ticks)

Log for 'Weight-pulp.lp' Clone_1 (V22.1.0.0) Thu Aug  4 16:44:42 2022

Using steepest-edge.
Parallel mode: deterministic, using up to 6 threads for concurrent optimization:
 * Starting dual Simplex on 1 thread...
 * Starting primal Simplex on 1 thread...

Total time on 6 threads = 0.28 sec. (277.60 ticks)

Dual simplex solved model.


Log for 'Weight-pulp.lp' Clone_1 (V22.1.0.0) Thu Aug  4 16:44:59 2022

Tried aggregator 1 time.
LP Presolve eliminated 70356 rows and 39856 columns.
All rows and columns eliminated.
Presolve time = 0.16 sec. (37.25 ticks)
Parallel mode: deterministic, using up to 6 threads for concurrent optimization:
 * Starting dual Simplex on 1 thread...
 * Starting primal Simplex on 1 thread...

Log for 'Weight-pulp.lp' Clone_1 (V22.1.0.0) Thu Aug  4 16:45:00 2022

Using steepest-edge.

Total time on 6 threads = 0.45 sec. (277.60 ticks)

Dual simplex solved model.

